This is pdfTeX, Version 3.14159265-2.6-1.40.16 (TeX Live 2015/Debian) (preloaded format=pdflatex 2017.2.22)  5 MAR 2017 15:09
entering extended mode
 restricted \write18 enabled.
 file:line:error style messages enabled.
 %&-line parsing enabled.
**Report.tex
(/home/george/Documents/Year 2/Maths-MATLAB/Report/Report.tex
LaTeX2e <2016/02/01>
Babel <3.9q> and hyphenation patterns for 5 language(s) loaded.
(/usr/share/texlive/texmf-dist/tex/latex/base/article.cls
Document Class: article 2014/09/29 v1.4h Standard LaTeX document class
(/usr/share/texlive/texmf-dist/tex/latex/base/size11.clo
File: size11.clo 2014/09/29 v1.4h Standard LaTeX file (size option)
)
\c@part=\count79
\c@section=\count80
\c@subsection=\count81
\c@subsubsection=\count82
\c@paragraph=\count83
\c@subparagraph=\count84
\c@figure=\count85
\c@table=\count86
\abovecaptionskip=\skip41
\belowcaptionskip=\skip42
\bibindent=\dimen102
) (/usr/share/texlive/texmf-dist/tex/latex/geometry/geometry.sty
Package: geometry 2010/09/12 v5.6 Page Geometry
 (/usr/share/texlive/texmf-dist/tex/latex/graphics/keyval.sty
Package: keyval 2014/10/28 v1.15 key=value parser (DPC)
\KV@toks@=\toks14
) (/usr/share/texlive/texmf-dist/tex/generic/oberdiek/ifpdf.sty
Package: ifpdf 2011/01/30 v2.3 Provides the ifpdf switch (HO)
Package ifpdf Info: pdfTeX in PDF mode is detected.
) (/usr/share/texlive/texmf-dist/tex/generic/oberdiek/ifvtex.sty
Package: ifvtex 2010/03/01 v1.5 Detect VTeX and its facilities (HO)
Package ifvtex Info: VTeX not detected.
) (/usr/share/texlive/texmf-dist/tex/generic/ifxetex/ifxetex.sty
Package: ifxetex 2010/09/12 v0.6 Provides ifxetex conditional
)
\Gm@cnth=\count87
\Gm@cntv=\count88
\c@Gm@tempcnt=\count89
\Gm@bindingoffset=\dimen103
\Gm@wd@mp=\dimen104
\Gm@odd@mp=\dimen105
\Gm@even@mp=\dimen106
\Gm@layoutwidth=\dimen107
\Gm@layoutheight=\dimen108
\Gm@layouthoffset=\dimen109
\Gm@layoutvoffset=\dimen110
\Gm@dimlist=\toks15
) (/usr/share/texlive/texmf-dist/tex/latex/base/inputenc.sty
Package: inputenc 2015/03/17 v1.2c Input encoding file
\inpenc@prehook=\toks16
\inpenc@posthook=\toks17
 (/usr/share/texlive/texmf-dist/tex/latex/base/utf8.def
File: utf8.def 2015/12/03 v1.1r UTF-8 support for inputenc
Now handling font encoding OML ...
... no UTF-8 mapping file for font encoding OML
Now handling font encoding T1 ...
... processing UTF-8 mapping file for font encoding T1
 (/usr/share/texlive/texmf-dist/tex/latex/base/t1enc.dfu
File: t1enc.dfu 2015/12/03 v1.1r UTF-8 support for inputenc
   defining Unicode char U+00A0 (decimal 160)
   defining Unicode char U+00A1 (decimal 161)
   defining Unicode char U+00A3 (decimal 163)
   defining Unicode char U+00AB (decimal 171)
   defining Unicode char U+00AD (decimal 173)
   defining Unicode char U+00BB (decimal 187)
   defining Unicode char U+00BF (decimal 191)
   defining Unicode char U+00C0 (decimal 192)
   defining Unicode char U+00C1 (decimal 193)
   defining Unicode char U+00C2 (decimal 194)
   defining Unicode char U+00C3 (decimal 195)
   defining Unicode char U+00C4 (decimal 196)
   defining Unicode char U+00C5 (decimal 197)
   defining Unicode char U+00C6 (decimal 198)
   defining Unicode char U+00C7 (decimal 199)
   defining Unicode char U+00C8 (decimal 200)
   defining Unicode char U+00C9 (decimal 201)
   defining Unicode char U+00CA (decimal 202)
   defining Unicode char U+00CB (decimal 203)
   defining Unicode char U+00CC (decimal 204)
   defining Unicode char U+00CD (decimal 205)
   defining Unicode char U+00CE (decimal 206)
   defining Unicode char U+00CF (decimal 207)
   defining Unicode char U+00D0 (decimal 208)
   defining Unicode char U+00D1 (decimal 209)
   defining Unicode char U+00D2 (decimal 210)
   defining Unicode char U+00D3 (decimal 211)
   defining Unicode char U+00D4 (decimal 212)
   defining Unicode char U+00D5 (decimal 213)
   defining Unicode char U+00D6 (decimal 214)
   defining Unicode char U+00D8 (decimal 216)
   defining Unicode char U+00D9 (decimal 217)
   defining Unicode char U+00DA (decimal 218)
   defining Unicode char U+00DB (decimal 219)
   defining Unicode char U+00DC (decimal 220)
   defining Unicode char U+00DD (decimal 221)
   defining Unicode char U+00DE (decimal 222)
   defining Unicode char U+00DF (decimal 223)
   defining Unicode char U+00E0 (decimal 224)
   defining Unicode char U+00E1 (decimal 225)
   defining Unicode char U+00E2 (decimal 226)
   defining Unicode char U+00E3 (decimal 227)
   defining Unicode char U+00E4 (decimal 228)
   defining Unicode char U+00E5 (decimal 229)
   defining Unicode char U+00E6 (decimal 230)
   defining Unicode char U+00E7 (decimal 231)
   defining Unicode char U+00E8 (decimal 232)
   defining Unicode char U+00E9 (decimal 233)
   defining Unicode char U+00EA (decimal 234)
   defining Unicode char U+00EB (decimal 235)
   defining Unicode char U+00EC (decimal 236)
   defining Unicode char U+00ED (decimal 237)
   defining Unicode char U+00EE (decimal 238)
   defining Unicode char U+00EF (decimal 239)
   defining Unicode char U+00F0 (decimal 240)
   defining Unicode char U+00F1 (decimal 241)
   defining Unicode char U+00F2 (decimal 242)
   defining Unicode char U+00F3 (decimal 243)
   defining Unicode char U+00F4 (decimal 244)
   defining Unicode char U+00F5 (decimal 245)
   defining Unicode char U+00F6 (decimal 246)
   defining Unicode char U+00F8 (decimal 248)
   defining Unicode char U+00F9 (decimal 249)
   defining Unicode char U+00FA (decimal 250)
   defining Unicode char U+00FB (decimal 251)
   defining Unicode char U+00FC (decimal 252)
   defining Unicode char U+00FD (decimal 253)
   defining Unicode char U+00FE (decimal 254)
   defining Unicode char U+00FF (decimal 255)
   defining Unicode char U+0100 (decimal 256)
   defining Unicode char U+0101 (decimal 257)
   defining Unicode char U+0102 (decimal 258)
   defining Unicode char U+0103 (decimal 259)
   defining Unicode char U+0104 (decimal 260)
   defining Unicode char U+0105 (decimal 261)
   defining Unicode char U+0106 (decimal 262)
   defining Unicode char U+0107 (decimal 263)
   defining Unicode char U+0108 (decimal 264)
   defining Unicode char U+0109 (decimal 265)
   defining Unicode char U+010A (decimal 266)
   defining Unicode char U+010B (decimal 267)
   defining Unicode char U+010C (decimal 268)
   defining Unicode char U+010D (decimal 269)
   defining Unicode char U+010E (decimal 270)
   defining Unicode char U+010F (decimal 271)
   defining Unicode char U+0110 (decimal 272)
   defining Unicode char U+0111 (decimal 273)
   defining Unicode char U+0112 (decimal 274)
   defining Unicode char U+0113 (decimal 275)
   defining Unicode char U+0114 (decimal 276)
   defining Unicode char U+0115 (decimal 277)
   defining Unicode char U+0116 (decimal 278)
   defining Unicode char U+0117 (decimal 279)
   defining Unicode char U+0118 (decimal 280)
   defining Unicode char U+0119 (decimal 281)
   defining Unicode char U+011A (decimal 282)
   defining Unicode char U+011B (decimal 283)
   defining Unicode char U+011C (decimal 284)
   defining Unicode char U+011D (decimal 285)
   defining Unicode char U+011E (decimal 286)
   defining Unicode char U+011F (decimal 287)
   defining Unicode char U+0120 (decimal 288)
   defining Unicode char U+0121 (decimal 289)
   defining Unicode char U+0122 (decimal 290)
   defining Unicode char U+0123 (decimal 291)
   defining Unicode char U+0124 (decimal 292)
   defining Unicode char U+0125 (decimal 293)
   defining Unicode char U+0128 (decimal 296)
   defining Unicode char U+0129 (decimal 297)
   defining Unicode char U+012A (decimal 298)
   defining Unicode char U+012B (decimal 299)
   defining Unicode char U+012C (decimal 300)
   defining Unicode char U+012D (decimal 301)
   defining Unicode char U+012E (decimal 302)
   defining Unicode char U+012F (decimal 303)
   defining Unicode char U+0130 (decimal 304)
   defining Unicode char U+0131 (decimal 305)
   defining Unicode char U+0132 (decimal 306)
   defining Unicode char U+0133 (decimal 307)
   defining Unicode char U+0134 (decimal 308)
   defining Unicode char U+0135 (decimal 309)
   defining Unicode char U+0136 (decimal 310)
   defining Unicode char U+0137 (decimal 311)
   defining Unicode char U+0139 (decimal 313)
   defining Unicode char U+013A (decimal 314)
   defining Unicode char U+013B (decimal 315)
   defining Unicode char U+013C (decimal 316)
   defining Unicode char U+013D (decimal 317)
   defining Unicode char U+013E (decimal 318)
   defining Unicode char U+0141 (decimal 321)
   defining Unicode char U+0142 (decimal 322)
   defining Unicode char U+0143 (decimal 323)
   defining Unicode char U+0144 (decimal 324)
   defining Unicode char U+0145 (decimal 325)
   defining Unicode char U+0146 (decimal 326)
   defining Unicode char U+0147 (decimal 327)
   defining Unicode char U+0148 (decimal 328)
   defining Unicode char U+014A (decimal 330)
   defining Unicode char U+014B (decimal 331)
   defining Unicode char U+014C (decimal 332)
   defining Unicode char U+014D (decimal 333)
   defining Unicode char U+014E (decimal 334)
   defining Unicode char U+014F (decimal 335)
   defining Unicode char U+0150 (decimal 336)
   defining Unicode char U+0151 (decimal 337)
   defining Unicode char U+0152 (decimal 338)
   defining Unicode char U+0153 (decimal 339)
   defining Unicode char U+0154 (decimal 340)
   defining Unicode char U+0155 (decimal 341)
   defining Unicode char U+0156 (decimal 342)
   defining Unicode char U+0157 (decimal 343)
   defining Unicode char U+0158 (decimal 344)
   defining Unicode char U+0159 (decimal 345)
   defining Unicode char U+015A (decimal 346)
   defining Unicode char U+015B (decimal 347)
   defining Unicode char U+015C (decimal 348)
   defining Unicode char U+015D (decimal 349)
   defining Unicode char U+015E (decimal 350)
   defining Unicode char U+015F (decimal 351)
   defining Unicode char U+0160 (decimal 352)
   defining Unicode char U+0161 (decimal 353)
   defining Unicode char U+0162 (decimal 354)
   defining Unicode char U+0163 (decimal 355)
   defining Unicode char U+0164 (decimal 356)
   defining Unicode char U+0165 (decimal 357)
   defining Unicode char U+0168 (decimal 360)
   defining Unicode char U+0169 (decimal 361)
   defining Unicode char U+016A (decimal 362)
   defining Unicode char U+016B (decimal 363)
   defining Unicode char U+016C (decimal 364)
   defining Unicode char U+016D (decimal 365)
   defining Unicode char U+016E (decimal 366)
   defining Unicode char U+016F (decimal 367)
   defining Unicode char U+0170 (decimal 368)
   defining Unicode char U+0171 (decimal 369)
   defining Unicode char U+0172 (decimal 370)
   defining Unicode char U+0173 (decimal 371)
   defining Unicode char U+0174 (decimal 372)
   defining Unicode char U+0175 (decimal 373)
   defining Unicode char U+0176 (decimal 374)
   defining Unicode char U+0177 (decimal 375)
   defining Unicode char U+0178 (decimal 376)
   defining Unicode char U+0179 (decimal 377)
   defining Unicode char U+017A (decimal 378)
   defining Unicode char U+017B (decimal 379)
   defining Unicode char U+017C (decimal 380)
   defining Unicode char U+017D (decimal 381)
   defining Unicode char U+017E (decimal 382)
   defining Unicode char U+01CD (decimal 461)
   defining Unicode char U+01CE (decimal 462)
   defining Unicode char U+01CF (decimal 463)
   defining Unicode char U+01D0 (decimal 464)
   defining Unicode char U+01D1 (decimal 465)
   defining Unicode char U+01D2 (decimal 466)
   defining Unicode char U+01D3 (decimal 467)
   defining Unicode char U+01D4 (decimal 468)
   defining Unicode char U+01E2 (decimal 482)
   defining Unicode char U+01E3 (decimal 483)
   defining Unicode char U+01E6 (decimal 486)
   defining Unicode char U+01E7 (decimal 487)
   defining Unicode char U+01E8 (decimal 488)
   defining Unicode char U+01E9 (decimal 489)
   defining Unicode char U+01EA (decimal 490)
   defining Unicode char U+01EB (decimal 491)
   defining Unicode char U+01F0 (decimal 496)
   defining Unicode char U+01F4 (decimal 500)
   defining Unicode char U+01F5 (decimal 501)
   defining Unicode char U+0218 (decimal 536)
   defining Unicode char U+0219 (decimal 537)
   defining Unicode char U+021A (decimal 538)
   defining Unicode char U+021B (decimal 539)
   defining Unicode char U+01E02 (decimal 7682)
   defining Unicode char U+01E03 (decimal 7683)
   defining Unicode char U+200C (decimal 8204)
   defining Unicode char U+2013 (decimal 8211)
   defining Unicode char U+2014 (decimal 8212)
   defining Unicode char U+2018 (decimal 8216)
   defining Unicode char U+2019 (decimal 8217)
   defining Unicode char U+201A (decimal 8218)
   defining Unicode char U+201C (decimal 8220)
   defining Unicode char U+201D (decimal 8221)
   defining Unicode char U+201E (decimal 8222)
   defining Unicode char U+2030 (decimal 8240)
   defining Unicode char U+2031 (decimal 8241)
   defining Unicode char U+2039 (decimal 8249)
   defining Unicode char U+203A (decimal 8250)
   defining Unicode char U+2423 (decimal 9251)
)
Now handling font encoding OT1 ...
... processing UTF-8 mapping file for font encoding OT1
 (/usr/share/texlive/texmf-dist/tex/latex/base/ot1enc.dfu
File: ot1enc.dfu 2015/12/03 v1.1r UTF-8 support for inputenc
   defining Unicode char U+00A0 (decimal 160)
   defining Unicode char U+00A1 (decimal 161)
   defining Unicode char U+00A3 (decimal 163)
   defining Unicode char U+00AD (decimal 173)
   defining Unicode char U+00B8 (decimal 184)
   defining Unicode char U+00BF (decimal 191)
   defining Unicode char U+00C5 (decimal 197)
   defining Unicode char U+00C6 (decimal 198)
   defining Unicode char U+00D8 (decimal 216)
   defining Unicode char U+00DF (decimal 223)
   defining Unicode char U+00E6 (decimal 230)
   defining Unicode char U+00EC (decimal 236)
   defining Unicode char U+00ED (decimal 237)
   defining Unicode char U+00EE (decimal 238)
   defining Unicode char U+00EF (decimal 239)
   defining Unicode char U+00F8 (decimal 248)
   defining Unicode char U+0131 (decimal 305)
   defining Unicode char U+0141 (decimal 321)
   defining Unicode char U+0142 (decimal 322)
   defining Unicode char U+0152 (decimal 338)
   defining Unicode char U+0153 (decimal 339)
   defining Unicode char U+0174 (decimal 372)
   defining Unicode char U+0175 (decimal 373)
   defining Unicode char U+0176 (decimal 374)
   defining Unicode char U+0177 (decimal 375)
   defining Unicode char U+0218 (decimal 536)
   defining Unicode char U+0219 (decimal 537)
   defining Unicode char U+021A (decimal 538)
   defining Unicode char U+021B (decimal 539)
   defining Unicode char U+2013 (decimal 8211)
   defining Unicode char U+2014 (decimal 8212)
   defining Unicode char U+2018 (decimal 8216)
   defining Unicode char U+2019 (decimal 8217)
   defining Unicode char U+201C (decimal 8220)
   defining Unicode char U+201D (decimal 8221)
)
Now handling font encoding OMS ...
... processing UTF-8 mapping file for font encoding OMS
 (/usr/share/texlive/texmf-dist/tex/latex/base/omsenc.dfu
File: omsenc.dfu 2015/12/03 v1.1r UTF-8 support for inputenc
   defining Unicode char U+00A7 (decimal 167)
   defining Unicode char U+00B6 (decimal 182)
   defining Unicode char U+00B7 (decimal 183)
   defining Unicode char U+2020 (decimal 8224)
   defining Unicode char U+2021 (decimal 8225)
   defining Unicode char U+2022 (decimal 8226)
)
Now handling font encoding OMX ...
... no UTF-8 mapping file for font encoding OMX
Now handling font encoding U ...
... no UTF-8 mapping file for font encoding U
   defining Unicode char U+00A9 (decimal 169)
   defining Unicode char U+00AA (decimal 170)
   defining Unicode char U+00AE (decimal 174)
   defining Unicode char U+00BA (decimal 186)
   defining Unicode char U+02C6 (decimal 710)
   defining Unicode char U+02DC (decimal 732)
   defining Unicode char U+200C (decimal 8204)
   defining Unicode char U+2026 (decimal 8230)
   defining Unicode char U+2122 (decimal 8482)
   defining Unicode char U+2423 (decimal 9251)
)) (/usr/share/texlive/texmf-dist/tex/latex/base/fontenc.sty
Package: fontenc 2005/09/27 v1.99g Standard LaTeX package
 (/usr/share/texlive/texmf-dist/tex/latex/base/t1enc.def
File: t1enc.def 2005/09/27 v1.99g Standard LaTeX file
LaTeX Font Info:    Redeclaring font encoding T1 on input line 48.
)) (/usr/share/texlive/texmf-dist/tex/latex/amsmath/amsmath.sty
Package: amsmath 2016/03/03 v2.15a AMS math features
\@mathmargin=\skip43

For additional information on amsmath, use the `?' option.
(/usr/share/texlive/texmf-dist/tex/latex/amsmath/amstext.sty
Package: amstext 2000/06/29 v2.01 AMS text
 (/usr/share/texlive/texmf-dist/tex/latex/amsmath/amsgen.sty
File: amsgen.sty 1999/11/30 v2.0 generic functions
\@emptytoks=\toks18
\ex@=\dimen111
)) (/usr/share/texlive/texmf-dist/tex/latex/amsmath/amsbsy.sty
Package: amsbsy 1999/11/29 v1.2d Bold Symbols
\pmbraise@=\dimen112
) (/usr/share/texlive/texmf-dist/tex/latex/amsmath/amsopn.sty
Package: amsopn 1999/12/14 v2.01 operator names
)
\inf@bad=\count90
LaTeX Info: Redefining \frac on input line 199.
\uproot@=\count91
\leftroot@=\count92
LaTeX Info: Redefining \overline on input line 297.
\classnum@=\count93
\DOTSCASE@=\count94
LaTeX Info: Redefining \ldots on input line 394.
LaTeX Info: Redefining \dots on input line 397.
LaTeX Info: Redefining \cdots on input line 518.
\Mathstrutbox@=\box26
\strutbox@=\box27
\big@size=\dimen113
LaTeX Font Info:    Redeclaring font encoding OML on input line 630.
LaTeX Font Info:    Redeclaring font encoding OMS on input line 631.
\macc@depth=\count95
\c@MaxMatrixCols=\count96
\dotsspace@=\muskip10
\c@parentequation=\count97
\dspbrk@lvl=\count98
\tag@help=\toks19
\row@=\count99
\column@=\count100
\maxfields@=\count101
\andhelp@=\toks20
\eqnshift@=\dimen114
\alignsep@=\dimen115
\tagshift@=\dimen116
\tagwidth@=\dimen117
\totwidth@=\dimen118
\lineht@=\dimen119
\@envbody=\toks21
\multlinegap=\skip44
\multlinetaggap=\skip45
\mathdisplay@stack=\toks22
LaTeX Info: Redefining \[ on input line 2735.
LaTeX Info: Redefining \] on input line 2736.
) (/usr/share/texlive/texmf-dist/tex/latex/wrapfig/wrapfig.sty
\wrapoverhang=\dimen120
\WF@size=\dimen121
\c@WF@wrappedlines=\count102
\WF@box=\box28
\WF@everypar=\toks23
Package: wrapfig 2003/01/31  v 3.6
) (/usr/share/texlive/texmf-dist/tex/latex/graphics/graphicx.sty
Package: graphicx 2014/10/28 v1.0g Enhanced LaTeX Graphics (DPC,SPQR)
 (/usr/share/texlive/texmf-dist/tex/latex/graphics/graphics.sty
Package: graphics 2016/01/03 v1.0q Standard LaTeX Graphics (DPC,SPQR)
 (/usr/share/texlive/texmf-dist/tex/latex/graphics/trig.sty
Package: trig 2016/01/03 v1.10 sin cos tan (DPC)
) (/usr/share/texlive/texmf-dist/tex/latex/latexconfig/graphics.cfg
File: graphics.cfg 2010/04/23 v1.9 graphics configuration of TeX Live
)
Package graphics Info: Driver file: pdftex.def on input line 95.
 (/usr/share/texlive/texmf-dist/tex/latex/pdftex-def/pdftex.def
File: pdftex.def 2011/05/27 v0.06d Graphics/color for pdfTeX
 (/usr/share/texlive/texmf-dist/tex/generic/oberdiek/infwarerr.sty
Package: infwarerr 2010/04/08 v1.3 Providing info/warning/error messages (HO)
) (/usr/share/texlive/texmf-dist/tex/generic/oberdiek/ltxcmds.sty
Package: ltxcmds 2011/11/09 v1.22 LaTeX kernel commands for general use (HO)
)
\Gread@gobject=\count103
))
\Gin@req@height=\dimen122
\Gin@req@width=\dimen123
) (/usr/share/texlive/texmf-dist/tex/latex/lineno/lineno.sty
Package: lineno 2005/11/02 line numbers on paragraphs v4.41
\linenopenalty=\count104
\output=\toks24
\linenoprevgraf=\count105
\linenumbersep=\dimen124
\linenumberwidth=\dimen125
\c@linenumber=\count106
\c@pagewiselinenumber=\count107
\c@LN@truepage=\count108
\c@internallinenumber=\count109
\c@internallinenumbers=\count110
\quotelinenumbersep=\dimen126
\bframerule=\dimen127
\bframesep=\dimen128
\bframebox=\box29
LaTeX Info: Redefining \\ on input line 3056.
) (/usr/share/texlive/texmf-dist/tex/latex/tools/layout.sty
Package: layout 2014/10/28 v1.2c Show layout parameters
\oneinch=\count111
\cnt@paperwidth=\count112
\cnt@paperheight=\count113
\cnt@hoffset=\count114
\cnt@voffset=\count115
\cnt@textheight=\count116
\cnt@textwidth=\count117
\cnt@topmargin=\count118
\cnt@oddsidemargin=\count119
\cnt@evensidemargin=\count120
\cnt@headheight=\count121
\cnt@headsep=\count122
\cnt@marginparsep=\count123
\cnt@marginparwidth=\count124
\cnt@marginparpush=\count125
\cnt@footskip=\count126
\fheight=\count127
\ref@top=\count128
\ref@hoffset=\count129
\ref@voffset=\count130
\ref@head=\count131
\ref@body=\count132
\ref@foot=\count133
\ref@margin=\count134
\ref@marginwidth=\count135
\ref@marginpar=\count136
\Interval=\count137
\ExtraYPos=\count138
\PositionX=\count139
\PositionY=\count140
\ArrowLength=\count141
) (/usr/share/texlive/texmf-dist/tex/latex/base/alltt.sty
Package: alltt 1997/06/16 v2.0g defines alltt environment
) (/usr/share/texlive/texmf-dist/tex/latex/caption/caption.sty
Package: caption 2016/02/21 v3.3-144 Customizing captions (AR)

(/usr/share/texlive/texmf-dist/tex/latex/caption/caption3.sty
Package: caption3 2016/02/04 v1.7-139 caption3 kernel (AR)
Package caption3 Info: TeX engine: e-TeX on input line 67.
\captionmargin=\dimen129
\captionmargin@=\dimen130
\captionwidth=\dimen131
\caption@tempdima=\dimen132
\caption@indent=\dimen133
\caption@parindent=\dimen134
\caption@hangindent=\dimen135
)
\c@ContinuedFloat=\count142
Package caption Info: wrapfig package is loaded.
) (/usr/share/texlive/texmf-dist/tex/latex/adjustbox/adjustbox.sty
Package: adjustbox 2012/05/21 v1.0 Adjusting TeX boxes (trim, clip, ...)
 (/usr/share/texlive/texmf-dist/tex/latex/xkeyval/xkeyval.sty
Package: xkeyval 2014/12/03 v2.7a package option processing (HA)
 (/usr/share/texlive/texmf-dist/tex/generic/xkeyval/xkeyval.tex (/usr/share/texlive/texmf-dist/tex/generic/xkeyval/xkvutils.tex
\XKV@toks=\toks25
\XKV@tempa@toks=\toks26
)
\XKV@depth=\count143
File: xkeyval.tex 2014/12/03 v2.7a key=value parser (HA)
)) (/usr/share/texlive/texmf-dist/tex/latex/adjustbox/adjcalc.sty
Package: adjcalc 2012/05/16 v1.1 Provides advanced setlength with multiple back-ends (calc, etex, pgfmath)
) (/usr/share/texlive/texmf-dist/tex/latex/adjustbox/trimclip.sty
Package: trimclip 2012/05/16 v1.0 Trim and clip general TeX material
 (/usr/share/texlive/texmf-dist/tex/latex/collectbox/collectbox.sty
Package: collectbox 2012/05/17 v0.4b Collect macro arguments as boxes
\collectedbox=\box30
)
\tc@llx=\dimen136
\tc@lly=\dimen137
\tc@urx=\dimen138
\tc@ury=\dimen139
Package trimclip Info: Using driver 'tc-pdftex.def'.
 (/usr/share/texlive/texmf-dist/tex/latex/adjustbox/tc-pdftex.def
File: tc-pdftex.def 2012/05/13 v1.0 Clipping driver for pdftex
))
\adjbox@Width=\dimen140
\adjbox@Height=\dimen141
\adjbox@Depth=\dimen142
\adjbox@Totalheight=\dimen143
 (/usr/share/texlive/texmf-dist/tex/latex/ifoddpage/ifoddpage.sty
Package: ifoddpage 2011/09/13 v1.0 Conditionals for odd/even page detection
\c@checkoddpage=\count144
) (/usr/share/texlive/texmf-dist/tex/latex/varwidth/varwidth.sty
Package: varwidth 2009/03/30 ver 0.92;  Variable-width minipages
\@vwid@box=\box31
\sift@deathcycles=\count145
\@vwid@loff=\dimen144
\@vwid@roff=\dimen145
)) (/usr/share/texlive/texmf-dist/tex/generic/ulem/ulem.sty
\UL@box=\box32
\UL@hyphenbox=\box33
\UL@skip=\skip46
\UL@hook=\toks27
\UL@height=\dimen146
\UL@pe=\count146
\UL@pixel=\dimen147
\ULC@box=\box34
Package: ulem 2012/05/18
\ULdepth=\dimen148
) (/usr/share/texlive/texmf-dist/tex/latex/caption/subcaption.sty
Package: subcaption 2016/02/20 v1.1-142 Sub-captions (AR)
\c@subfigure=\count147
\c@subtable=\count148
) (/usr/share/texlive/texmf-dist/tex/latex/placeins/placeins.sty
Package: placeins 2005/04/18  v 2.2
) (/home/george/Documents/Year 2/Maths-MATLAB/Report/Report.aux)
\openout1 = `Report.aux'.

LaTeX Font Info:    Checking defaults for OML/cmm/m/it on input line 22.
LaTeX Font Info:    ... okay on input line 22.
LaTeX Font Info:    Checking defaults for T1/cmr/m/n on input line 22.
LaTeX Font Info:    ... okay on input line 22.
LaTeX Font Info:    Checking defaults for OT1/cmr/m/n on input line 22.
LaTeX Font Info:    ... okay on input line 22.
LaTeX Font Info:    Checking defaults for OMS/cmsy/m/n on input line 22.
LaTeX Font Info:    ... okay on input line 22.
LaTeX Font Info:    Checking defaults for OMX/cmex/m/n on input line 22.
LaTeX Font Info:    ... okay on input line 22.
LaTeX Font Info:    Checking defaults for U/cmr/m/n on input line 22.
LaTeX Font Info:    ... okay on input line 22.

*geometry* driver: auto-detecting
*geometry* detected driver: pdftex
*geometry* verbose mode - [ preamble ] result:
* driver: pdftex
* paper: a4paper
* layout: <same size as paper>
* layoutoffset:(h,v)=(0.0pt,0.0pt)
* modes: includefoot 
* h-part:(L,W,R)=(72.26999pt, 452.9679pt, 72.26999pt)
* v-part:(T,H,B)=(72.26999pt, 700.50687pt, 72.26999pt)
* \paperwidth=597.50787pt
* \paperheight=845.04684pt
* \textwidth=452.9679pt
* \textheight=735.0pt
* \oddsidemargin=0.0pt
* \evensidemargin=0.0pt
* \topmargin=-37.0pt
* \headheight=12.0pt
* \headsep=25.0pt
* \topskip=11.0pt
* \footskip=30.0pt
* \marginparwidth=50.0pt
* \marginparsep=10.0pt
* \columnsep=10.0pt
* \skip\footins=10.0pt plus 4.0pt minus 2.0pt
* \hoffset=0.0pt
* \voffset=-28.90755pt
* \mag=1000
* \@twocolumnfalse
* \@twosidefalse
* \@mparswitchfalse
* \@reversemarginfalse
* (1in=72.27pt=25.4mm, 1cm=28.453pt)

(/usr/share/texlive/texmf-dist/tex/context/base/supp-pdf.mkii
[Loading MPS to PDF converter (version 2006.09.02).]
\scratchcounter=\count149
\scratchdimen=\dimen149
\scratchbox=\box35
\nofMPsegments=\count150
\nofMParguments=\count151
\everyMPshowfont=\toks28
\MPscratchCnt=\count152
\MPscratchDim=\dimen150
\MPnumerator=\count153
\makeMPintoPDFobject=\count154
\everyMPtoPDFconversion=\toks29
) (/usr/share/texlive/texmf-dist/tex/generic/oberdiek/pdftexcmds.sty
Package: pdftexcmds 2011/11/29 v0.20 Utility functions of pdfTeX for LuaTeX (HO)
 (/usr/share/texlive/texmf-dist/tex/generic/oberdiek/ifluatex.sty
Package: ifluatex 2010/03/01 v1.3 Provides the ifluatex switch (HO)
Package ifluatex Info: LuaTeX not detected.
)
Package pdftexcmds Info: LuaTeX not detected.
Package pdftexcmds Info: \pdf@primitive is available.
Package pdftexcmds Info: \pdf@ifprimitive is available.
Package pdftexcmds Info: \pdfdraftmode found.
) (/usr/share/texlive/texmf-dist/tex/latex/oberdiek/epstopdf-base.sty
Package: epstopdf-base 2010/02/09 v2.5 Base part for package epstopdf
 (/usr/share/texlive/texmf-dist/tex/latex/oberdiek/grfext.sty
Package: grfext 2010/08/19 v1.1 Manage graphics extensions (HO)
 (/usr/share/texlive/texmf-dist/tex/generic/oberdiek/kvdefinekeys.sty
Package: kvdefinekeys 2011/04/07 v1.3 Define keys (HO)
)) (/usr/share/texlive/texmf-dist/tex/latex/oberdiek/kvoptions.sty
Package: kvoptions 2011/06/30 v3.11 Key value format for package options (HO)
 (/usr/share/texlive/texmf-dist/tex/generic/oberdiek/kvsetkeys.sty
Package: kvsetkeys 2012/04/25 v1.16 Key value parser (HO)
 (/usr/share/texlive/texmf-dist/tex/generic/oberdiek/etexcmds.sty
Package: etexcmds 2011/02/16 v1.5 Avoid name clashes with e-TeX commands (HO)
Package etexcmds Info: Could not find \expanded.
(etexcmds)             That can mean that you are not using pdfTeX 1.50 or
(etexcmds)             that some package has redefined \expanded.
(etexcmds)             In the latter case, load this package earlier.
)))
Package grfext Info: Graphics extension search list:
(grfext)             [.png,.pdf,.jpg,.mps,.jpeg,.jbig2,.jb2,.PNG,.PDF,.JPG,.JPEG,.JBIG2,.JB2,.eps]
(grfext)             \AppendGraphicsExtensions on input line 452.
 (/usr/share/texlive/texmf-dist/tex/latex/latexconfig/epstopdf-sys.cfg
File: epstopdf-sys.cfg 2010/07/13 v1.3 Configuration of (r)epstopdf for TeX Live
))
Package caption Info: Begin \AtBeginDocument code.
Package caption Info: End \AtBeginDocument code.
 (/home/george/Documents/Year 2/Maths-MATLAB/Report/Report.toc)
\tf@toc=\write3
\openout3 = `Report.toc'.

 [1

{/var/lib/texmf/fonts/map/pdftex/updmap/pdftex.map}] <Ex1_Figs/RL_circuit.png, id=14, 536.0025pt x 332.24126pt>
File: Ex1_Figs/RL_circuit.png Graphic file (type png)
 <use Ex1_Figs/RL_circuit.png>
Package pdftex.def Info: Ex1_Figs/RL_circuit.png used on input line 34.
(pdftex.def)             Requested size: 221.95676pt x 137.57843pt.
 [2 </home/george/Documents/Year 2/Maths-MATLAB/Report/Ex1_Figs/RL_circuit.png>]
LaTeX Font Info:    Try loading font information for T1+cmtt on input line 99.
 (/usr/share/texlive/texmf-dist/tex/latex/base/t1cmtt.fd
File: t1cmtt.fd 2014/09/29 v2.5h Standard LaTeX font definitions
)
Overfull \hbox (27.99364pt too wide) in paragraph at lines 136--136
[]\T1/cmtt/m/n/10.95 function [t,y] = midpoint(func, t0, y0, tf, h)     % y = i_L(t), func = equation (2),[] 
 []

[3] [4] <Ex1_Figs/heuns_step.png, id=30, 562.1pt x 421.575pt>
File: Ex1_Figs/heuns_step.png Graphic file (type png)
 <use Ex1_Figs/heuns_step.png>
Package pdftex.def Info: Ex1_Figs/heuns_step.png used on input line 191.
(pdftex.def)             Requested size: 221.95676pt x 166.4656pt.

Underfull \hbox (badness 10000) in paragraph at lines 197--202

 []

<Ex1_Figs/ralston_step.png, id=31, 562.1pt x 421.575pt>
File: Ex1_Figs/ralston_step.png Graphic file (type png)
 <use Ex1_Figs/ralston_step.png>
Package pdftex.def Info: Ex1_Figs/ralston_step.png used on input line 208.
(pdftex.def)             Requested size: 203.83109pt x 142.26576pt.
 <Ex1_Figs/midpoint_step.png, id=32, 562.1pt x 421.575pt>
File: Ex1_Figs/midpoint_step.png Graphic file (type png)
 <use Ex1_Figs/midpoint_step.png>
Package pdftex.def Info: Ex1_Figs/midpoint_step.png used on input line 213.
(pdftex.def)             Requested size: 203.83109pt x 142.26576pt.

Overfull \hbox (2.42162pt too wide) in paragraph at lines 207--217
[]$[]$ $[]$ 
 []

[5 </home/george/Documents/Year 2/Maths-MATLAB/Report/Ex1_Figs/heuns_step.png (PNG copy)> </home/george/Documents/Year 2/Maths-MATLAB/Report/Ex1_Figs/ralston_step.png (PNG copy)> </home/george/Documents/Year 2/Maths-MATLAB/Report/Ex1_Figs/midpoint_step.png (PNG copy)>] <Ex1_Figs/all_step.png, id=37, 562.1pt x 421.575pt>
File: Ex1_Figs/all_step.png Graphic file (type png)
 <use Ex1_Figs/all_step.png>
Package pdftex.def Info: Ex1_Figs/all_step.png used on input line 245.
(pdftex.def)             Requested size: 221.95676pt x 166.4656pt.
 [6 </home/george/Documents/Year 2/Maths-MATLAB/Report/Ex1_Figs/all_step.png (PNG copy)>] <Ex1_Figs/heun_t2.png, id=41, 562.1pt x 421.575pt>
File: Ex1_Figs/heun_t2.png Graphic file (type png)
 <use Ex1_Figs/heun_t2.png>
Package pdftex.def Info: Ex1_Figs/heun_t2.png used on input line 258.
(pdftex.def)             Requested size: 221.95676pt x 166.4656pt.
 <Ex1_Figs/mid_t2.png, id=42, 562.1pt x 421.575pt>
File: Ex1_Figs/mid_t2.png Graphic file (type png)
 <use Ex1_Figs/mid_t2.png>
Package pdftex.def Info: Ex1_Figs/mid_t2.png used on input line 281.
(pdftex.def)             Requested size: 203.83109pt x 142.26576pt.
 <Ex1_Figs/ral_t2.png, id=43, 562.1pt x 421.575pt>
File: Ex1_Figs/ral_t2.png Graphic file (type png)
 <use Ex1_Figs/ral_t2.png>
Package pdftex.def Info: Ex1_Figs/ral_t2.png used on input line 286.
(pdftex.def)             Requested size: 203.83109pt x 142.26576pt.

Overfull \hbox (2.42162pt too wide) in paragraph at lines 280--290
[]$[]$ $[]$ 
 []

[7 </home/george/Documents/Year 2/Maths-MATLAB/Report/Ex1_Figs/heun_t2.png (PNG copy)> </home/george/Documents/Year 2/Maths-MATLAB/Report/Ex1_Figs/mid_t2.png (PNG copy)> </home/george/Documents/Year 2/Maths-MATLAB/Report/Ex1_Figs/ral_t2.png (PNG copy)>]

Package wrapfig Warning: Collision between wrapping environments on input line 300.

<Ex1_Figs/heuns_t.png, id=49, 562.1pt x 421.575pt>
File: Ex1_Figs/heuns_t.png Graphic file (type png)
 <use Ex1_Figs/heuns_t.png>
Package pdftex.def Info: Ex1_Figs/heuns_t.png used on input line 302.
(pdftex.def)             Requested size: 221.95676pt x 166.4656pt.


Package wrapfig Warning: Stationary wrapfigure forced to float on input line 308.

<Ex1_Figs/mid_t.png, id=50, 562.1pt x 421.575pt>
File: Ex1_Figs/mid_t.png Graphic file (type png)
 <use Ex1_Figs/mid_t.png>
Package pdftex.def Info: Ex1_Figs/mid_t.png used on input line 325.
(pdftex.def)             Requested size: 203.83109pt x 142.26576pt.
 <Ex1_Figs/rals_t.png, id=51, 562.1pt x 421.575pt>
File: Ex1_Figs/rals_t.png Graphic file (type png)
 <use Ex1_Figs/rals_t.png>
Package pdftex.def Info: Ex1_Figs/rals_t.png used on input line 330.
(pdftex.def)             Requested size: 203.83109pt x 142.26576pt.

Overfull \hbox (2.42162pt too wide) in paragraph at lines 324--334
[]$[]$ $[]$ 
 []


Overfull \hbox (34.98846pt too wide) in paragraph at lines 339--340
\T1/cmr/m/n/10.95 for the two im-pul-sive sig-nal in-puts $\OML/cmm/m/it/10.95 V[] \OT1/cmr/m/n/10.95 = []\OML/cmm/m/it/10.95 exp[]$
 []

<Ex1_Figs/all_t2.png, id=52, 562.1pt x 421.575pt>
File: Ex1_Figs/all_t2.png Graphic file (type png)
 <use Ex1_Figs/all_t2.png>
Package pdftex.def Info: Ex1_Figs/all_t2.png used on input line 343.
(pdftex.def)             Requested size: 203.83109pt x 142.26576pt.
 <Ex1_Figs/all_t.png, id=53, 562.1pt x 421.575pt>
File: Ex1_Figs/all_t.png Graphic file (type png)
 <use Ex1_Figs/all_t.png>
Package pdftex.def Info: Ex1_Figs/all_t.png used on input line 348.
(pdftex.def)             Requested size: 203.83109pt x 142.26576pt.

Overfull \hbox (2.42162pt too wide) in paragraph at lines 342--352
[]$[]$ $[]$ 
 []

[8 </home/george/Documents/Year 2/Maths-MATLAB/Report/Ex1_Figs/heuns_t.png (PNG copy)> </home/george/Documents/Year 2/Maths-MATLAB/Report/Ex1_Figs/mid_t.png (PNG copy)> </home/george/Documents/Year 2/Maths-MATLAB/Report/Ex1_Figs/rals_t.png (PNG copy)> </home/george/Documents/Year 2/Maths-MATLAB/Report/Ex1_Figs/all_t2.png (PNG copy)> </home/george/Documents/Year 2/Maths-MATLAB/Report/Ex1_Figs/all_t.png (PNG copy)>] <Ex1_Figs/allsine150g.png, id=57, 562.1pt x 421.575pt>
File: Ex1_Figs/allsine150g.png Graphic file (type png)
 <use Ex1_Figs/allsine150g.png>
Package pdftex.def Info: Ex1_Figs/allsine150g.png used on input line 373.
(pdftex.def)             Requested size: 181.18784pt x 135.89095pt.
 <Ex1_Figs/allsine15g.png, id=58, 562.1pt x 421.575pt>
File: Ex1_Figs/allsine15g.png Graphic file (type png)
 <use Ex1_Figs/allsine15g.png>
Package pdftex.def Info: Ex1_Figs/allsine15g.png used on input line 379.
(pdftex.def)             Requested size: 181.18784pt x 135.89095pt.
 <Ex1_Figs/allsine400.png, id=59, 562.1pt x 421.575pt>
File: Ex1_Figs/allsine400.png Graphic file (type png)
 <use Ex1_Figs/allsine400.png>
Package pdftex.def Info: Ex1_Figs/allsine400.png used on input line 385.
(pdftex.def)             Requested size: 181.18784pt x 135.89095pt.
 <Ex1_Figs/allsine1100.png, id=60, 562.1pt x 421.575pt>
File: Ex1_Figs/allsine1100.png Graphic file (type png)
 <use Ex1_Figs/allsine1100.png>
Package pdftex.def Info: Ex1_Figs/allsine1100.png used on input line 391.
(pdftex.def)             Requested size: 181.18784pt x 135.89095pt.

Overfull \hbox (2.42162pt too wide) in paragraph at lines 371--395
[]$[]$ $[]$
 []


Overfull \hbox (2.42162pt too wide) in paragraph at lines 371--395
[]$ $[]$ 
 []

[9 </home/george/Documents/Year 2/Maths-MATLAB/Report/Ex1_Figs/allsine150g.png (PNG copy)> </home/george/Documents/Year 2/Maths-MATLAB/Report/Ex1_Figs/allsine15g.png (PNG copy)> </home/george/Documents/Year 2/Maths-MATLAB/Report/Ex1_Figs/allsine400.png (PNG copy)> </home/george/Documents/Year 2/Maths-MATLAB/Report/Ex1_Figs/allsine1100.png (PNG copy)>]
Overfull \hbox (4.19252pt too wide) in paragraph at lines 412--412
[]        \T1/cmtt/m/n/10.95 Vin =@(t) vin*square(2*pi*f*t);[] 
 []

<Ex1_Figs/square150.png, id=65, 562.1pt x 421.575pt>
File: Ex1_Figs/square150.png Graphic file (type png)
 <use Ex1_Figs/square150.png>
Package pdftex.def Info: Ex1_Figs/square150.png used on input line 417.
(pdftex.def)             Requested size: 181.18784pt x 135.89095pt.
 <Ex1_Figs/square15.png, id=66, 562.1pt x 421.575pt>
File: Ex1_Figs/square15.png Graphic file (type png)
 <use Ex1_Figs/square15.png>
Package pdftex.def Info: Ex1_Figs/square15.png used on input line 423.
(pdftex.def)             Requested size: 181.18784pt x 135.89095pt.
 <Ex1_Figs/square400.png, id=67, 562.1pt x 421.575pt>
File: Ex1_Figs/square400.png Graphic file (type png)
 <use Ex1_Figs/square400.png>
Package pdftex.def Info: Ex1_Figs/square400.png used on input line 429.
(pdftex.def)             Requested size: 181.18784pt x 135.89095pt.
 <Ex1_Figs/square1100.png, id=68, 562.1pt x 421.575pt>
File: Ex1_Figs/square1100.png Graphic file (type png)
 <use Ex1_Figs/square1100.png>
Package pdftex.def Info: Ex1_Figs/square1100.png used on input line 435.
(pdftex.def)             Requested size: 181.18784pt x 135.89095pt.

Overfull \hbox (2.42162pt too wide) in paragraph at lines 415--439
[]$ $[]$ 
 []

[10 </home/george/Documents/Year 2/Maths-MATLAB/Report/Ex1_Figs/square150.png (PNG copy)> </home/george/Documents/Year 2/Maths-MATLAB/Report/Ex1_Figs/square15.png (PNG copy)> </home/george/Documents/Year 2/Maths-MATLAB/Report/Ex1_Figs/square400.png (PNG copy)> </home/george/Documents/Year 2/Maths-MATLAB/Report/Ex1_Figs/square1100.png (PNG copy)>]
Overfull \hbox (15.50926pt too wide) in paragraph at lines 457--457
[]        \T1/cmtt/m/n/10.95 Vin =@(t) vin*sawtooth(2*pi*f*t);[] 
 []

<Ex1_Figs/sawtooth150.png, id=72, 562.1pt x 421.575pt>
File: Ex1_Figs/sawtooth150.png Graphic file (type png)
 <use Ex1_Figs/sawtooth150.png>
Package pdftex.def Info: Ex1_Figs/sawtooth150.png used on input line 462.
(pdftex.def)             Requested size: 181.18784pt x 135.89095pt.
 <Ex1_Figs/sawtooth15.png, id=73, 562.1pt x 421.575pt>
File: Ex1_Figs/sawtooth15.png Graphic file (type png)
 <use Ex1_Figs/sawtooth15.png>
Package pdftex.def Info: Ex1_Figs/sawtooth15.png used on input line 468.
(pdftex.def)             Requested size: 181.18784pt x 135.89095pt.
 <Ex1_Figs/sawtooth400.png, id=74, 562.1pt x 421.575pt>
File: Ex1_Figs/sawtooth400.png Graphic file (type png)
 <use Ex1_Figs/sawtooth400.png>
Package pdftex.def Info: Ex1_Figs/sawtooth400.png used on input line 474.
(pdftex.def)             Requested size: 181.18784pt x 135.89095pt.
 <Ex1_Figs/sawtooth1100.png, id=75, 562.1pt x 421.575pt>
File: Ex1_Figs/sawtooth1100.png Graphic file (type png)
 <use Ex1_Figs/sawtooth1100.png>
Package pdftex.def Info: Ex1_Figs/sawtooth1100.png used on input line 480.
(pdftex.def)             Requested size: 181.18784pt x 135.89095pt.

Overfull \hbox (2.42162pt too wide) in paragraph at lines 460--484
[]$ $[]$ 
 []

[11 </home/george/Documents/Year 2/Maths-MATLAB/Report/Ex1_Figs/sawtooth150.png (PNG copy)> </home/george/Documents/Year 2/Maths-MATLAB/Report/Ex1_Figs/sawtooth15.png (PNG copy)> </home/george/Documents/Year 2/Maths-MATLAB/Report/Ex1_Figs/sawtooth400.png (PNG copy)> </home/george/Documents/Year 2/Maths-MATLAB/Report/Ex1_Figs/sawtooth1100.png (PNG copy)>] <Ex3_Figs/RLC.png, id=79, 628.3475pt x 490.83376pt>
File: Ex3_Figs/RLC.png Graphic file (type png)
 <use Ex3_Figs/RLC.png>
Package pdftex.def Info: Ex3_Figs/RLC.png used on input line 494.
(pdftex.def)             Requested size: 221.95676pt x 173.38216pt.
 [12 </home/george/Documents/Year 2/Maths-MATLAB/Report/Ex3_Figs/RLC.png>] [13] <Ex3_Figs/Step.png, id=89, 421.575pt x 316.18124pt>
File: Ex3_Figs/Step.png Graphic file (type png)
 <use Ex3_Figs/Step.png>
Package pdftex.def Info: Ex3_Figs/Step.png used on input line 610.
(pdftex.def)             Requested size: 203.83417pt x 152.87973pt.
 <Ex3_Figs/5Sine2.png, id=90, 421.575pt x 316.18124pt>
File: Ex3_Figs/5Sine2.png Graphic file (type png)
 <use Ex3_Figs/5Sine2.png>
Package pdftex.def Info: Ex3_Figs/5Sine2.png used on input line 624.
(pdftex.def)             Requested size: 203.83417pt x 152.87973pt.
 [14 </home/george/Documents/Year 2/Maths-MATLAB/Report/Ex3_Figs/Step.png (PNG copy)> </home/george/Documents/Year 2/Maths-MATLAB/Report/Ex3_Figs/5Sine2.png (PNG copy)>] <Ex3_Figs/100Sine.png, id=94, 421.575pt x 316.18124pt>
File: Ex3_Figs/100Sine.png Graphic file (type png)
 <use Ex3_Figs/100Sine.png>
Package pdftex.def Info: Ex3_Figs/100Sine.png used on input line 635.
(pdftex.def)             Requested size: 203.83417pt x 152.87973pt.
 <Ex3_Figs/500Sine.png, id=95, 421.575pt x 316.18124pt>
File: Ex3_Figs/500Sine.png Graphic file (type png)
 <use Ex3_Figs/500Sine.png>
Package pdftex.def Info: Ex3_Figs/500Sine.png used on input line 645.
(pdftex.def)             Requested size: 203.83417pt x 152.87973pt.

<Ex3_Figs/5Squ1.png, id=96, 421.575pt x 316.18124pt>
File: Ex3_Figs/5Squ1.png Graphic file (type png)
 <use Ex3_Figs/5Squ1.png>
Package pdftex.def Info: Ex3_Figs/5Squ1.png used on input line 657.
(pdftex.def)             Requested size: 203.83417pt x 152.87973pt.
 <Ex3_Figs/100Squ1.png, id=97, 421.575pt x 316.18124pt>
File: Ex3_Figs/100Squ1.png Graphic file (type png)
 <use Ex3_Figs/100Squ1.png>
Package pdftex.def Info: Ex3_Figs/100Squ1.png used on input line 667.
(pdftex.def)             Requested size: 203.83417pt x 152.87973pt.
 [15 </home/george/Documents/Year 2/Maths-MATLAB/Report/Ex3_Figs/100Sine.png (PNG copy)> </home/george/Documents/Year 2/Maths-MATLAB/Report/Ex3_Figs/500Sine.png (PNG copy)> </home/george/Documents/Year 2/Maths-MATLAB/Report/Ex3_Figs/5Squ1.png (PNG copy)> </home/george/Documents/Year 2/Maths-MATLAB/Report/Ex3_Figs/100Squ1.png (PNG copy)>] <Ex3_Figs/500Squ1.png, id=101, 421.575pt x 316.18124pt>
File: Ex3_Figs/500Squ1.png Graphic file (type png)
 <use Ex3_Figs/500Squ1.png>
Package pdftex.def Info: Ex3_Figs/500Squ1.png used on input line 677.
(pdftex.def)             Requested size: 203.83417pt x 152.87973pt.
 <Ex3_Figs/DecExp.png, id=102, 429.10312pt x 338.76563pt>
File: Ex3_Figs/DecExp.png Graphic file (type png)
 <use Ex3_Figs/DecExp.png>
Package pdftex.def Info: Ex3_Figs/DecExp.png used on input line 689.
(pdftex.def)             Requested size: 203.83417pt x 160.9205pt.
 [16 </home/george/Documents/Year 2/Maths-MATLAB/Report/Ex3_Figs/500Squ1.png (PNG copy)> </home/george/Documents/Year 2/Maths-MATLAB/Report/Ex3_Figs/DecExp.png (PNG copy)>] [17] <Ex4_Figs/FiniteTent.png, id=112, 429.10312pt x 338.76563pt>
File: Ex4_Figs/FiniteTent.png Graphic file (type png)
 <use Ex4_Figs/FiniteTent.png>
Package pdftex.def Info: Ex4_Figs/FiniteTent.png used on input line 764.
(pdftex.def)             Requested size: 203.83417pt x 160.9205pt.
 <Ex4_Figs/FiniteSine.png, id=113, 414.04688pt x 293.59688pt>
File: Ex4_Figs/FiniteSine.png Graphic file (type png)

<use Ex4_Figs/FiniteSine.png>
Package pdftex.def Info: Ex4_Figs/FiniteSine.png used on input line 767.
(pdftex.def)             Requested size: 203.83417pt x 144.54019pt.
 <Ex4_Figs/FiniteSineabs.png, id=114, 421.575pt x 316.18124pt>
File: Ex4_Figs/FiniteSineabs.png Graphic file (type png)
 <use Ex4_Figs/FiniteSineabs.png>
Package pdftex.def Info: Ex4_Figs/FiniteSineabs.png used on input line 770.
(pdftex.def)             Requested size: 203.83417pt x 152.87973pt.
 [18 </home/george/Documents/Year 2/Maths-MATLAB/Report/Ex4_Figs/FiniteTent.png (PNG copy)> </home/george/Documents/Year 2/Maths-MATLAB/Report/Ex4_Figs/FiniteSine.png (PNG copy)> </home/george/Documents/Year 2/Maths-MATLAB/Report/Ex4_Figs/FiniteSineabs.png (PNG copy)>] <Ex4_Figs/sinpi.png, id=118, 421.575pt x 316.18124pt>
File: Ex4_Figs/sinpi.png Graphic file (type png)
 <use Ex4_Figs/sinpi.png>
Package pdftex.def Info: Ex4_Figs/sinpi.png used on input line 785.
(pdftex.def)             Requested size: 203.83417pt x 152.87973pt.
 <Ex4_Figs/poly.png, id=119, 421.575pt x 316.18124pt>
File: Ex4_Figs/poly.png Graphic file (type png)
 <use Ex4_Figs/poly.png>
Package pdftex.def Info: Ex4_Figs/poly.png used on input line 789.
(pdftex.def)             Requested size: 203.83417pt x 152.87973pt.
 <Ex4_Figs/1-xbcdiff.png, id=120, 421.575pt x 316.18124pt>
File: Ex4_Figs/1-xbcdiff.png Graphic file (type png)
 <use Ex4_Figs/1-xbcdiff.png>
Package pdftex.def Info: Ex4_Figs/1-xbcdiff.png used on input line 805.
(pdftex.def)             Requested size: 203.83417pt x 152.87973pt.
 <Ex4_Figs/Tentbc.png, id=121, 414.04688pt x 293.59688pt>
File: Ex4_Figs/Tentbc.png Graphic file (type png)
 <use Ex4_Figs/Tentbc.png>
Package pdftex.def Info: Ex4_Figs/Tentbc.png used on input line 809.
(pdftex.def)             Requested size: 203.83417pt x 144.54019pt.
 [19 </home/george/Documents/Year 2/Maths-MATLAB/Report/Ex4_Figs/sinpi.png (PNG copy)> </home/george/Documents/Year 2/Maths-MATLAB/Report/Ex4_Figs/poly.png (PNG copy)> </home/george/Documents/Year 2/Maths-MATLAB/Report/Ex4_Figs/1-xbcdiff.png (PNG copy)> </home/george/Documents/Year 2/Maths-MATLAB/Report/Ex4_Figs/Tentbc.png (PNG copy)>] <Ex4_Figs/timevar.png, id=126, 421.575pt x 316.18124pt>
File: Ex4_Figs/timevar.png Graphic file (type png)
 <use Ex4_Figs/timevar.png>
Package pdftex.def Info: Ex4_Figs/timevar.png used on input line 827.
(pdftex.def)             Requested size: 203.83417pt x 152.87973pt.
 [20 </home/george/Documents/Year 2/Maths-MATLAB/Report/Ex4_Figs/timevar.png (PNG copy)>] (/home/george/Documents/Year 2/Maths-MATLAB/Report/Report.aux) ) 
Here is how much of TeX's memory you used:
 5692 strings out of 494910
 83866 string characters out of 6179836
 151124 words of memory out of 5000000
 8818 multiletter control sequences out of 15000+600000
 17537 words of font info for 45 fonts, out of 8000000 for 9000
 36 hyphenation exceptions out of 8191
 38i,7n,77p,848b,553s stack positions out of 5000i,500n,10000p,200000b,80000s
 </home/george/.texmf-var/fonts/pk/ljfour/jknappen/ec/ecrm1000.600pk> </home/george/.texmf-var/fonts/pk/ljfour/jknappen/ec/ectt1095.600pk> </home/george/.texmf-var/fonts/pk/ljfour/jknappen/ec/ecbx1200.600pk> </home/george/.texmf-var/fonts/pk/ljfour/jknappen/ec/ecrm1095.600pk> </home/george/.texmf-var/fonts/pk/ljfour/jknappen/ec/ecbx1095.600pk> </home/george/.texmf-var/fonts/pk/ljfour/jknappen/ec/ecbx1440.600pk> </home/george/.texmf-var/fonts/pk/ljfour/jknappen/ec/ecrm1728.600pk> </home/george/.texmf-var/fonts/pk/ljfour/jknappen/ec/ecbx1728.600pk></usr/share/texlive/texmf-dist/fonts/type1/public/amsfonts/cm/cmex10.pfb></usr/share/texlive/texmf-dist/fonts/type1/public/amsfonts/cm/cmmi10.pfb></usr/share/texlive/texmf-dist/fonts/type1/public/amsfonts/cm/cmmi6.pfb></usr/share/texlive/texmf-dist/fonts/type1/public/amsfonts/cm/cmmi7.pfb></us
r/share/texlive/texmf-dist/fonts/type1/public/amsfonts/cm/cmmi8.pfb></usr/share/texlive/texmf-dist/fonts/type1/public/amsfonts/cm/cmr10.pfb></usr/share/texlive/texmf-dist/fonts/type1/public/amsfonts/cm/cmr6.pfb></usr/share/texlive/texmf-dist/fonts/type1/public/amsfonts/cm/cmr7.pfb></usr/share/texlive/texmf-dist/fonts/type1/public/amsfonts/cm/cmr8.pfb></usr/share/texlive/texmf-dist/fonts/type1/public/amsfonts/cm/cmsy10.pfb></usr/share/texlive/texmf-dist/fonts/type1/public/amsfonts/cm/cmsy6.pfb></usr/share/texlive/texmf-dist/fonts/type1/public/amsfonts/cm/cmsy8.pfb>
Output written on "/home/george/Documents/Year 2/Maths-MATLAB/Report/Report.pdf" (20 pages, 1163842 bytes).
PDF statistics:
 509 PDF objects out of 1000 (max. 8388607)
 115 compressed objects within 2 object streams
 0 named destinations out of 1000 (max. 500000)
 211 words of extra memory for PDF output out of 10000 (max. 10000000)

